-0.000000000000000000e+00
3.478260869565217434e-02
6.956521739130434867e-02
1.043478260869565299e-01
1.391304347826086973e-01
1.739130434782608647e-01
2.086956521739130599e-01
2.434782608695652273e-01
2.782608695652173947e-01
3.130434782608695898e-01
3.478260869565217295e-01
3.826086956521739246e-01
4.173913043478261198e-01
4.521739130434782594e-01
4.869565217391304546e-01
5.217391304347825942e-01
5.565217391304347894e-01
5.913043478260869845e-01
6.260869565217391797e-01
6.608695652173912638e-01
6.956521739130434590e-01
7.304347826086956541e-01
7.652173913043478493e-01
8.000000000000000444e-01
