1.529311708401900416e-13
1.587117552334946708e+02
3.174221602012556787e+02
4.693326491576160038e+02
5.787703915361704503e+02
6.400217145525929254e+02
6.782298602868822854e+02
7.053162392776479237e+02
7.262452137513673733e+02
7.432678214407732185e+02
7.576155847016989355e+02
7.700222437911638735e+02
7.809574059516918396e+02
7.907448529510354547e+02
7.995918239267580248e+02
8.076804345456547480e+02
8.151317726447631458e+02
8.220373301252589044e+02
8.284794663143741218e+02
8.345120248314108267e+02
8.401913951376151317e+02
8.455537963869775240e+02
8.506367003188920535e+02
8.555890650175019800e+02
